The system is: Linux - 4.4.0-174-generic - x86_64
Compiling the C compiler identification source file "CMakeCCompilerId.c" succeeded.
Compiler: /usr/bin/cc 
Build flags: 
Id flags: 

The output was:
0


Compilation of the C compiler identification source "CMakeCCompilerId.c" produced "a.out"

The C compiler identification is GNU, found in "/home/iwtm952/Downloads/thesis/CMakeFiles/3.5.1/CompilerIdC/a.out"

Compiling the CXX compiler identification source file "CMakeCXXCompilerId.cpp" succeeded.
Compiler: /calculate/spack-9.x/opt/spack/linux-ubuntu16.04-x86_64/gcc-5.4.0/openmpi-3.1.3-3njc4q5pqdpptq6jvqjrezkffwokv2sx/bin/mpic++ 
Build flags: 
Id flags: 

The output was:
0


Compilation of the CXX compiler identification source "CMakeCXXCompilerId.cpp" produced "a.out"

The CXX compiler identification is GNU, found in "/home/iwtm952/Downloads/thesis/CMakeFiles/3.5.1/CompilerIdCXX/a.out"

Determining if the C compiler works passed with the following output:
Change Dir: /home/iwtm952/Downloads/thesis/CMakeFiles/CMakeTmp

Run Build Command:"/usr/bin/make" "cmTC_9bf06/fast"
/usr/bin/make -f CMakeFiles/cmTC_9bf06.dir/build.make CMakeFiles/cmTC_9bf06.dir/build
make[1]: Entering directory '/home/iwtm952/Downloads/thesis/CMakeFiles/CMakeTmp'
Building C object CMakeFiles/cmTC_9bf06.dir/testCCompiler.c.o
/usr/bin/cc     -o CMakeFiles/cmTC_9bf06.dir/testCCompiler.c.o   -c /home/iwtm952/Downloads/thesis/CMakeFiles/CMakeTmp/testCCompiler.c
Linking C executable cmTC_9bf06
/usr/bin/cmake -E cmake_link_script CMakeFiles/cmTC_9bf06.dir/link.txt --verbose=1
/usr/bin/cc       CMakeFiles/cmTC_9bf06.dir/testCCompiler.c.o  -o cmTC_9bf06 -rdynamic 
make[1]: Leaving directory '/home/iwtm952/Downloads/thesis/CMakeFiles/CMakeTmp'


Detecting C compiler ABI info compiled with the following output:
Change Dir: /home/iwtm952/Downloads/thesis/CMakeFiles/CMakeTmp

Run Build Command:"/usr/bin/make" "cmTC_e08b8/fast"
/usr/bin/make -f CMakeFiles/cmTC_e08b8.dir/build.make CMakeFiles/cmTC_e08b8.dir/build
make[1]: Entering directory '/home/iwtm952/Downloads/thesis/CMakeFiles/CMakeTmp'
Building C object CMakeFiles/cmTC_e08b8.dir/CMakeCCompilerABI.c.o
/usr/bin/cc     -o CMakeFiles/cmTC_e08b8.dir/CMakeCCompilerABI.c.o   -c /usr/share/cmake-3.5/Modules/CMakeCCompilerABI.c
Linking C executable cmTC_e08b8
/usr/bin/cmake -E cmake_link_script CMakeFiles/cmTC_e08b8.dir/link.txt --verbose=1
/usr/bin/cc      -v CMakeFiles/cmTC_e08b8.dir/CMakeCCompilerABI.c.o  -o cmTC_e08b8 -rdynamic  
Using built-in specs.
COLLECT_GCC=/usr/bin/cc
COLLECT_LTO_WRAPPER=/usr/lib/gcc/x86_64-linux-gnu/5/lto-wrapper
Target: x86_64-linux-gnu
Configured with: ../src/configure -v --with-pkgversion='Ubuntu 5.4.0-6ubuntu1~16.04.12' --with-bugurl=file:///usr/share/doc/gcc-5/README.Bugs --enable-languages=c,ada,c++,java,go,d,fortran,objc,obj-c++ --prefix=/usr --program-suffix=-5 --enable-shared --enable-linker-build-id --libexecdir=/usr/lib --without-included-gettext --enable-threads=posix --libdir=/usr/lib --enable-nls --with-sysroot=/ --enable-clocale=gnu --enable-libstdcxx-debug --enable-libstdcxx-time=yes --with-default-libstdcxx-abi=new --enable-gnu-unique-object --disable-vtable-verify --enable-libmpx --enable-plugin --with-system-zlib --disable-browser-plugin --enable-java-awt=gtk --enable-gtk-cairo --with-java-home=/usr/lib/jvm/java-1.5.0-gcj-5-amd64/jre --enable-java-home --with-jvm-root-dir=/usr/lib/jvm/java-1.5.0-gcj-5-amd64 --with-jvm-jar-dir=/usr/lib/jvm-exports/java-1.5.0-gcj-5-amd64 --with-arch-directory=amd64 --with-ecj-jar=/usr/share/java/eclipse-ecj.jar --enable-objc-gc --enable-multiarch --disable-werror --with-arch-32=i686 --with-abi=m64 --with-multilib-list=m32,m64,mx32 --enable-multilib --with-tune=generic --enable-checking=release --build=x86_64-linux-gnu --host=x86_64-linux-gnu --target=x86_64-linux-gnu
Thread model: posix
gcc version 5.4.0 20160609 (Ubuntu 5.4.0-6ubuntu1~16.04.12) 
COMPILER_PATH=/usr/lib/gcc/x86_64-linux-gnu/5/:/usr/lib/gcc/x86_64-linux-gnu/5/:/usr/lib/gcc/x86_64-linux-gnu/:/usr/lib/gcc/x86_64-linux-gnu/5/:/usr/lib/gcc/x86_64-linux-gnu/
LIBRARY_PATH=/calculate/spack-9.x/opt/spack/linux-ubuntu16.04-x86_64/gcc-5.4.0/openmpi-3.1.3-3njc4q5pqdpptq6jvqjrezkffwokv2sx/lib/../lib/:/calculate/spack-9.x/opt/spack/linux-ubuntu16.04-x86_64/gcc-5.4.0/dealii-9.0.1-oi6igqslrxwfluobndarhttwgyxrqkwz/lib/../lib/:/usr/lib/gcc/x86_64-linux-gnu/5/:/usr/lib/gcc/x86_64-linux-gnu/5/../../../x86_64-linux-gnu/:/usr/lib/gcc/x86_64-linux-gnu/5/../../../../lib/:/lib/x86_64-linux-gnu/:/lib/../lib/:/usr/lib/x86_64-linux-gnu/:/usr/lib/../lib/:/calculate/spack-9.x/opt/spack/linux-ubuntu16.04-x86_64/gcc-5.4.0/openmpi-3.1.3-3njc4q5pqdpptq6jvqjrezkffwokv2sx/lib/:/calculate/spack-9.x/opt/spack/linux-ubuntu16.04-x86_64/gcc-5.4.0/dealii-9.0.1-oi6igqslrxwfluobndarhttwgyxrqkwz/lib/:/usr/lib/gcc/x86_64-linux-gnu/5/../../../:/lib/:/usr/lib/
COLLECT_GCC_OPTIONS='-v' '-o' 'cmTC_e08b8' '-rdynamic' '-mtune=generic' '-march=x86-64'
 /usr/lib/gcc/x86_64-linux-gnu/5/collect2 -plugin /usr/lib/gcc/x86_64-linux-gnu/5/liblto_plugin.so -plugin-opt=/usr/lib/gcc/x86_64-linux-gnu/5/lto-wrapper -plugin-opt=-fresolution=/tmp/ccHy0zml.res -plugin-opt=-pass-through=-lgcc -plugin-opt=-pass-through=-lgcc_s -plugin-opt=-pass-through=-lc -plugin-opt=-pass-through=-lgcc -plugin-opt=-pass-through=-lgcc_s --sysroot=/ --build-id --eh-frame-hdr -m elf_x86_64 --hash-style=gnu --as-needed -export-dynamic -dynamic-linker /lib64/ld-linux-x86-64.so.2 -z relro -o cmTC_e08b8 /usr/lib/gcc/x86_64-linux-gnu/5/../../../x86_64-linux-gnu/crt1.o /usr/lib/gcc/x86_64-linux-gnu/5/../../../x86_64-linux-gnu/crti.o /usr/lib/gcc/x86_64-linux-gnu/5/crtbegin.o -L/calculate/spack-9.x/opt/spack/linux-ubuntu16.04-x86_64/gcc-5.4.0/openmpi-3.1.3-3njc4q5pqdpptq6jvqjrezkffwokv2sx/lib/../lib -L/calculate/spack-9.x/opt/spack/linux-ubuntu16.04-x86_64/gcc-5.4.0/dealii-9.0.1-oi6igqslrxwfluobndarhttwgyxrqkwz/lib/../lib -L/usr/lib/gcc/x86_64-linux-gnu/5 -L/usr/lib/gcc/x86_64-linux-gnu/5/../../../x86_64-linux-gnu -L/usr/lib/gcc/x86_64-linux-gnu/5/../../../../lib -L/lib/x86_64-linux-gnu -L/lib/../lib -L/usr/lib/x86_64-linux-gnu -L/usr/lib/../lib -L/calculate/spack-9.x/opt/spack/linux-ubuntu16.04-x86_64/gcc-5.4.0/openmpi-3.1.3-3njc4q5pqdpptq6jvqjrezkffwokv2sx/lib -L/calculate/spack-9.x/opt/spack/linux-ubuntu16.04-x86_64/gcc-5.4.0/dealii-9.0.1-oi6igqslrxwfluobndarhttwgyxrqkwz/lib -L/usr/lib/gcc/x86_64-linux-gnu/5/../../.. CMakeFiles/cmTC_e08b8.dir/CMakeCCompilerABI.c.o -lgcc --as-needed -lgcc_s --no-as-needed -lc -lgcc --as-needed -lgcc_s --no-as-needed /usr/lib/gcc/x86_64-linux-gnu/5/crtend.o /usr/lib/gcc/x86_64-linux-gnu/5/../../../x86_64-linux-gnu/crtn.o
make[1]: Leaving directory '/home/iwtm952/Downloads/thesis/CMakeFiles/CMakeTmp'


Parsed C implicit link information from above output:
  link line regex: [^( *|.*[/\])(ld|([^/\]+-)?ld|collect2)[^/\]*( |$)]
  ignore line: [Change Dir: /home/iwtm952/Downloads/thesis/CMakeFiles/CMakeTmp]
  ignore line: []
  ignore line: [Run Build Command:"/usr/bin/make" "cmTC_e08b8/fast"]
  ignore line: [/usr/bin/make -f CMakeFiles/cmTC_e08b8.dir/build.make CMakeFiles/cmTC_e08b8.dir/build]
  ignore line: [make[1]: Entering directory '/home/iwtm952/Downloads/thesis/CMakeFiles/CMakeTmp']
  ignore line: [Building C object CMakeFiles/cmTC_e08b8.dir/CMakeCCompilerABI.c.o]
  ignore line: [/usr/bin/cc     -o CMakeFiles/cmTC_e08b8.dir/CMakeCCompilerABI.c.o   -c /usr/share/cmake-3.5/Modules/CMakeCCompilerABI.c]
  ignore line: [Linking C executable cmTC_e08b8]
  ignore line: [/usr/bin/cmake -E cmake_link_script CMakeFiles/cmTC_e08b8.dir/link.txt --verbose=1]
  ignore line: [/usr/bin/cc      -v CMakeFiles/cmTC_e08b8.dir/CMakeCCompilerABI.c.o  -o cmTC_e08b8 -rdynamic  ]
  ignore line: [Using built-in specs.]
  ignore line: [COLLECT_GCC=/usr/bin/cc]
  ignore line: [COLLECT_LTO_WRAPPER=/usr/lib/gcc/x86_64-linux-gnu/5/lto-wrapper]
  ignore line: [Target: x86_64-linux-gnu]
  ignore line: [Configured with: ../src/configure -v --with-pkgversion='Ubuntu 5.4.0-6ubuntu1~16.04.12' --with-bugurl=file:///usr/share/doc/gcc-5/README.Bugs --enable-languages=c,ada,c++,java,go,d,fortran,objc,obj-c++ --prefix=/usr --program-suffix=-5 --enable-shared --enable-linker-build-id --libexecdir=/usr/lib --without-included-gettext --enable-threads=posix --libdir=/usr/lib --enable-nls --with-sysroot=/ --enable-clocale=gnu --enable-libstdcxx-debug --enable-libstdcxx-time=yes --with-default-libstdcxx-abi=new --enable-gnu-unique-object --disable-vtable-verify --enable-libmpx --enable-plugin --with-system-zlib --disable-browser-plugin --enable-java-awt=gtk --enable-gtk-cairo --with-java-home=/usr/lib/jvm/java-1.5.0-gcj-5-amd64/jre --enable-java-home --with-jvm-root-dir=/usr/lib/jvm/java-1.5.0-gcj-5-amd64 --with-jvm-jar-dir=/usr/lib/jvm-exports/java-1.5.0-gcj-5-amd64 --with-arch-directory=amd64 --with-ecj-jar=/usr/share/java/eclipse-ecj.jar --enable-objc-gc --enable-multiarch --disable-werror --with-arch-32=i686 --with-abi=m64 --with-multilib-list=m32,m64,mx32 --enable-multilib --with-tune=generic --enable-checking=release --build=x86_64-linux-gnu --host=x86_64-linux-gnu --target=x86_64-linux-gnu]
  ignore line: [Thread model: posix]
  ignore line: [gcc version 5.4.0 20160609 (Ubuntu 5.4.0-6ubuntu1~16.04.12) ]
  ignore line: [COMPILER_PATH=/usr/lib/gcc/x86_64-linux-gnu/5/:/usr/lib/gcc/x86_64-linux-gnu/5/:/usr/lib/gcc/x86_64-linux-gnu/:/usr/lib/gcc/x86_64-linux-gnu/5/:/usr/lib/gcc/x86_64-linux-gnu/]
  ignore line: [LIBRARY_PATH=/calculate/spack-9.x/opt/spack/linux-ubuntu16.04-x86_64/gcc-5.4.0/openmpi-3.1.3-3njc4q5pqdpptq6jvqjrezkffwokv2sx/lib/../lib/:/calculate/spack-9.x/opt/spack/linux-ubuntu16.04-x86_64/gcc-5.4.0/dealii-9.0.1-oi6igqslrxwfluobndarhttwgyxrqkwz/lib/../lib/:/usr/lib/gcc/x86_64-linux-gnu/5/:/usr/lib/gcc/x86_64-linux-gnu/5/../../../x86_64-linux-gnu/:/usr/lib/gcc/x86_64-linux-gnu/5/../../../../lib/:/lib/x86_64-linux-gnu/:/lib/../lib/:/usr/lib/x86_64-linux-gnu/:/usr/lib/../lib/:/calculate/spack-9.x/opt/spack/linux-ubuntu16.04-x86_64/gcc-5.4.0/openmpi-3.1.3-3njc4q5pqdpptq6jvqjrezkffwokv2sx/lib/:/calculate/spack-9.x/opt/spack/linux-ubuntu16.04-x86_64/gcc-5.4.0/dealii-9.0.1-oi6igqslrxwfluobndarhttwgyxrqkwz/lib/:/usr/lib/gcc/x86_64-linux-gnu/5/../../../:/lib/:/usr/lib/]
  ignore line: [COLLECT_GCC_OPTIONS='-v' '-o' 'cmTC_e08b8' '-rdynamic' '-mtune=generic' '-march=x86-64']
  link line: [ /usr/lib/gcc/x86_64-linux-gnu/5/collect2 -plugin /usr/lib/gcc/x86_64-linux-gnu/5/liblto_plugin.so -plugin-opt=/usr/lib/gcc/x86_64-linux-gnu/5/lto-wrapper -plugin-opt=-fresolution=/tmp/ccHy0zml.res -plugin-opt=-pass-through=-lgcc -plugin-opt=-pass-through=-lgcc_s -plugin-opt=-pass-through=-lc -plugin-opt=-pass-through=-lgcc -plugin-opt=-pass-through=-lgcc_s --sysroot=/ --build-id --eh-frame-hdr -m elf_x86_64 --hash-style=gnu --as-needed -export-dynamic -dynamic-linker /lib64/ld-linux-x86-64.so.2 -z relro -o cmTC_e08b8 /usr/lib/gcc/x86_64-linux-gnu/5/../../../x86_64-linux-gnu/crt1.o /usr/lib/gcc/x86_64-linux-gnu/5/../../../x86_64-linux-gnu/crti.o /usr/lib/gcc/x86_64-linux-gnu/5/crtbegin.o -L/calculate/spack-9.x/opt/spack/linux-ubuntu16.04-x86_64/gcc-5.4.0/openmpi-3.1.3-3njc4q5pqdpptq6jvqjrezkffwokv2sx/lib/../lib -L/calculate/spack-9.x/opt/spack/linux-ubuntu16.04-x86_64/gcc-5.4.0/dealii-9.0.1-oi6igqslrxwfluobndarhttwgyxrqkwz/lib/../lib -L/usr/lib/gcc/x86_64-linux-gnu/5 -L/usr/lib/gcc/x86_64-linux-gnu/5/../../../x86_64-linux-gnu -L/usr/lib/gcc/x86_64-linux-gnu/5/../../../../lib -L/lib/x86_64-linux-gnu -L/lib/../lib -L/usr/lib/x86_64-linux-gnu -L/usr/lib/../lib -L/calculate/spack-9.x/opt/spack/linux-ubuntu16.04-x86_64/gcc-5.4.0/openmpi-3.1.3-3njc4q5pqdpptq6jvqjrezkffwokv2sx/lib -L/calculate/spack-9.x/opt/spack/linux-ubuntu16.04-x86_64/gcc-5.4.0/dealii-9.0.1-oi6igqslrxwfluobndarhttwgyxrqkwz/lib -L/usr/lib/gcc/x86_64-linux-gnu/5/../../.. CMakeFiles/cmTC_e08b8.dir/CMakeCCompilerABI.c.o -lgcc --as-needed -lgcc_s --no-as-needed -lc -lgcc --as-needed -lgcc_s --no-as-needed /usr/lib/gcc/x86_64-linux-gnu/5/crtend.o /usr/lib/gcc/x86_64-linux-gnu/5/../../../x86_64-linux-gnu/crtn.o]
    arg [/usr/lib/gcc/x86_64-linux-gnu/5/collect2] ==> ignore
    arg [-plugin] ==> ignore
    arg [/usr/lib/gcc/x86_64-linux-gnu/5/liblto_plugin.so] ==> ignore
    arg [-plugin-opt=/usr/lib/gcc/x86_64-linux-gnu/5/lto-wrapper] ==> ignore
    arg [-plugin-opt=-fresolution=/tmp/ccHy0zml.res] ==> ignore
    arg [-plugin-opt=-pass-through=-lgcc] ==> ignore
    arg [-plugin-opt=-pass-through=-lgcc_s] ==> ignore
    arg [-plugin-opt=-pass-through=-lc] ==> ignore
    arg [-plugin-opt=-pass-through=-lgcc] ==> ignore
    arg [-plugin-opt=-pass-through=-lgcc_s] ==> ignore
    arg [--sysroot=/] ==> ignore
    arg [--build-id] ==> ignore
    arg [--eh-frame-hdr] ==> ignore
    arg [-m] ==> ignore
    arg [elf_x86_64] ==> ignore
    arg [--hash-style=gnu] ==> ignore
    arg [--as-needed] ==> ignore
    arg [-export-dynamic] ==> ignore
    arg [-dynamic-linker] ==> ignore
    arg [/lib64/ld-linux-x86-64.so.2] ==> ignore
    arg [-zrelro] ==> ignore
    arg [-o] ==> ignore
    arg [cmTC_e08b8] ==> ignore
    arg [/usr/lib/gcc/x86_64-linux-gnu/5/../../../x86_64-linux-gnu/crt1.o] ==> ignore
    arg [/usr/lib/gcc/x86_64-linux-gnu/5/../../../x86_64-linux-gnu/crti.o] ==> ignore
    arg [/usr/lib/gcc/x86_64-linux-gnu/5/crtbegin.o] ==> ignore
    arg [-L/calculate/spack-9.x/opt/spack/linux-ubuntu16.04-x86_64/gcc-5.4.0/openmpi-3.1.3-3njc4q5pqdpptq6jvqjrezkffwokv2sx/lib/../lib] ==> dir [/calculate/spack-9.x/opt/spack/linux-ubuntu16.04-x86_64/gcc-5.4.0/openmpi-3.1.3-3njc4q5pqdpptq6jvqjrezkffwokv2sx/lib/../lib]
    arg [-L/calculate/spack-9.x/opt/spack/linux-ubuntu16.04-x86_64/gcc-5.4.0/dealii-9.0.1-oi6igqslrxwfluobndarhttwgyxrqkwz/lib/../lib] ==> dir [/calculate/spack-9.x/opt/spack/linux-ubuntu16.04-x86_64/gcc-5.4.0/dealii-9.0.1-oi6igqslrxwfluobndarhttwgyxrqkwz/lib/../lib]
    arg [-L/usr/lib/gcc/x86_64-linux-gnu/5] ==> dir [/usr/lib/gcc/x86_64-linux-gnu/5]
    arg [-L/usr/lib/gcc/x86_64-linux-gnu/5/../../../x86_64-linux-gnu] ==> dir [/usr/lib/gcc/x86_64-linux-gnu/5/../../../x86_64-linux-gnu]
    arg [-L/usr/lib/gcc/x86_64-linux-gnu/5/../../../../lib] ==> dir [/usr/lib/gcc/x86_64-linux-gnu/5/../../../../lib]
    arg [-L/lib/x86_64-linux-gnu] ==> dir [/lib/x86_64-linux-gnu]
    arg [-L/lib/../lib] ==> dir [/lib/../lib]
    arg [-L/usr/lib/x86_64-linux-gnu] ==> dir [/usr/lib/x86_64-linux-gnu]
    arg [-L/usr/lib/../lib] ==> dir [/usr/lib/../lib]
    arg [-L/calculate/spack-9.x/opt/spack/linux-ubuntu16.04-x86_64/gcc-5.4.0/openmpi-3.1.3-3njc4q5pqdpptq6jvqjrezkffwokv2sx/lib] ==> dir [/calculate/spack-9.x/opt/spack/linux-ubuntu16.04-x86_64/gcc-5.4.0/openmpi-3.1.3-3njc4q5pqdpptq6jvqjrezkffwokv2sx/lib]
    arg [-L/calculate/spack-9.x/opt/spack/linux-ubuntu16.04-x86_64/gcc-5.4.0/dealii-9.0.1-oi6igqslrxwfluobndarhttwgyxrqkwz/lib] ==> dir [/calculate/spack-9.x/opt/spack/linux-ubuntu16.04-x86_64/gcc-5.4.0/dealii-9.0.1-oi6igqslrxwfluobndarhttwgyxrqkwz/lib]
    arg [-L/usr/lib/gcc/x86_64-linux-gnu/5/../../..] ==> dir [/usr/lib/gcc/x86_64-linux-gnu/5/../../..]
    arg [CMakeFiles/cmTC_e08b8.dir/CMakeCCompilerABI.c.o] ==> ignore
    arg [-lgcc] ==> lib [gcc]
    arg [--as-needed] ==> ignore
    arg [-lgcc_s] ==> lib [gcc_s]
    arg [--no-as-needed] ==> ignore
    arg [-lc] ==> lib [c]
    arg [-lgcc] ==> lib [gcc]
    arg [--as-needed] ==> ignore
    arg [-lgcc_s] ==> lib [gcc_s]
    arg [--no-as-needed] ==> ignore
    arg [/usr/lib/gcc/x86_64-linux-gnu/5/crtend.o] ==> ignore
    arg [/usr/lib/gcc/x86_64-linux-gnu/5/../../../x86_64-linux-gnu/crtn.o] ==> ignore
  remove lib [gcc]
  remove lib [gcc_s]
  remove lib [gcc]
  remove lib [gcc_s]
  collapse library dir [/calculate/spack-9.x/opt/spack/linux-ubuntu16.04-x86_64/gcc-5.4.0/openmpi-3.1.3-3njc4q5pqdpptq6jvqjrezkffwokv2sx/lib/../lib] ==> [/calculate/spack-9.x/opt/spack/linux-ubuntu16.04-x86_64/gcc-5.4.0/openmpi-3.1.3-3njc4q5pqdpptq6jvqjrezkffwokv2sx/lib]
  collapse library dir [/calculate/spack-9.x/opt/spack/linux-ubuntu16.04-x86_64/gcc-5.4.0/dealii-9.0.1-oi6igqslrxwfluobndarhttwgyxrqkwz/lib/../lib] ==> [/calculate/spack-9.x/opt/spack/linux-ubuntu16.04-x86_64/gcc-5.4.0/dealii-9.0.1-oi6igqslrxwfluobndarhttwgyxrqkwz/lib]
  collapse library dir [/usr/lib/gcc/x86_64-linux-gnu/5] ==> [/usr/lib/gcc/x86_64-linux-gnu/5]
  collapse library dir [/usr/lib/gcc/x86_64-linux-gnu/5/../../../x86_64-linux-gnu] ==> [/usr/lib/x86_64-linux-gnu]
  collapse library dir [/usr/lib/gcc/x86_64-linux-gnu/5/../../../../lib] ==> [/usr/lib]
  collapse library dir [/lib/x86_64-linux-gnu] ==> [/lib/x86_64-linux-gnu]
  collapse library dir [/lib/../lib] ==> [/lib]
  collapse library dir [/usr/lib/x86_64-linux-gnu] ==> [/usr/lib/x86_64-linux-gnu]
  collapse library dir [/usr/lib/../lib] ==> [/usr/lib]
  collapse library dir [/calculate/spack-9.x/opt/spack/linux-ubuntu16.04-x86_64/gcc-5.4.0/openmpi-3.1.3-3njc4q5pqdpptq6jvqjrezkffwokv2sx/lib] ==> [/calculate/spack-9.x/opt/spack/linux-ubuntu16.04-x86_64/gcc-5.4.0/openmpi-3.1.3-3njc4q5pqdpptq6jvqjrezkffwokv2sx/lib]
  collapse library dir [/calculate/spack-9.x/opt/spack/linux-ubuntu16.04-x86_64/gcc-5.4.0/dealii-9.0.1-oi6igqslrxwfluobndarhttwgyxrqkwz/lib] ==> [/calculate/spack-9.x/opt/spack/linux-ubuntu16.04-x86_64/gcc-5.4.0/dealii-9.0.1-oi6igqslrxwfluobndarhttwgyxrqkwz/lib]
  collapse library dir [/usr/lib/gcc/x86_64-linux-gnu/5/../../..] ==> [/usr/lib]
  implicit libs: [c]
  implicit dirs: [/calculate/spack-9.x/opt/spack/linux-ubuntu16.04-x86_64/gcc-5.4.0/openmpi-3.1.3-3njc4q5pqdpptq6jvqjrezkffwokv2sx/lib;/calculate/spack-9.x/opt/spack/linux-ubuntu16.04-x86_64/gcc-5.4.0/dealii-9.0.1-oi6igqslrxwfluobndarhttwgyxrqkwz/lib;/usr/lib/gcc/x86_64-linux-gnu/5;/usr/lib/x86_64-linux-gnu;/usr/lib;/lib/x86_64-linux-gnu;/lib]
  implicit fwks: []




Detecting C [-std=c11] compiler features compiled with the following output:
Change Dir: /home/iwtm952/Downloads/thesis/CMakeFiles/CMakeTmp

Run Build Command:"/usr/bin/make" "cmTC_06e9c/fast"
/usr/bin/make -f CMakeFiles/cmTC_06e9c.dir/build.make CMakeFiles/cmTC_06e9c.dir/build
make[1]: Entering directory '/home/iwtm952/Downloads/thesis/CMakeFiles/CMakeTmp'
Building C object CMakeFiles/cmTC_06e9c.dir/feature_tests.c.o
/usr/bin/cc    -std=c11 -o CMakeFiles/cmTC_06e9c.dir/feature_tests.c.o   -c /home/iwtm952/Downloads/thesis/CMakeFiles/feature_tests.c
Linking C executable cmTC_06e9c
/usr/bin/cmake -E cmake_link_script CMakeFiles/cmTC_06e9c.dir/link.txt --verbose=1
/usr/bin/cc       CMakeFiles/cmTC_06e9c.dir/feature_tests.c.o  -o cmTC_06e9c -rdynamic 
make[1]: Leaving directory '/home/iwtm952/Downloads/thesis/CMakeFiles/CMakeTmp'


    Feature record: C_FEATURE:1c_function_prototypes
    Feature record: C_FEATURE:1c_restrict
    Feature record: C_FEATURE:1c_static_assert
    Feature record: C_FEATURE:1c_variadic_macros


Detecting C [-std=c99] compiler features compiled with the following output:
Change Dir: /home/iwtm952/Downloads/thesis/CMakeFiles/CMakeTmp

Run Build Command:"/usr/bin/make" "cmTC_7c00e/fast"
/usr/bin/make -f CMakeFiles/cmTC_7c00e.dir/build.make CMakeFiles/cmTC_7c00e.dir/build
make[1]: Entering directory '/home/iwtm952/Downloads/thesis/CMakeFiles/CMakeTmp'
Building C object CMakeFiles/cmTC_7c00e.dir/feature_tests.c.o
/usr/bin/cc    -std=c99 -o CMakeFiles/cmTC_7c00e.dir/feature_tests.c.o   -c /home/iwtm952/Downloads/thesis/CMakeFiles/feature_tests.c
Linking C executable cmTC_7c00e
/usr/bin/cmake -E cmake_link_script CMakeFiles/cmTC_7c00e.dir/link.txt --verbose=1
/usr/bin/cc       CMakeFiles/cmTC_7c00e.dir/feature_tests.c.o  -o cmTC_7c00e -rdynamic 
make[1]: Leaving directory '/home/iwtm952/Downloads/thesis/CMakeFiles/CMakeTmp'


    Feature record: C_FEATURE:1c_function_prototypes
    Feature record: C_FEATURE:1c_restrict
    Feature record: C_FEATURE:0c_static_assert
    Feature record: C_FEATURE:1c_variadic_macros


Detecting C [-std=c90] compiler features compiled with the following output:
Change Dir: /home/iwtm952/Downloads/thesis/CMakeFiles/CMakeTmp

Run Build Command:"/usr/bin/make" "cmTC_2dc97/fast"
/usr/bin/make -f CMakeFiles/cmTC_2dc97.dir/build.make CMakeFiles/cmTC_2dc97.dir/build
make[1]: Entering directory '/home/iwtm952/Downloads/thesis/CMakeFiles/CMakeTmp'
Building C object CMakeFiles/cmTC_2dc97.dir/feature_tests.c.o
/usr/bin/cc    -std=c90 -o CMakeFiles/cmTC_2dc97.dir/feature_tests.c.o   -c /home/iwtm952/Downloads/thesis/CMakeFiles/feature_tests.c
Linking C executable cmTC_2dc97
/usr/bin/cmake -E cmake_link_script CMakeFiles/cmTC_2dc97.dir/link.txt --verbose=1
/usr/bin/cc       CMakeFiles/cmTC_2dc97.dir/feature_tests.c.o  -o cmTC_2dc97 -rdynamic 
make[1]: Leaving directory '/home/iwtm952/Downloads/thesis/CMakeFiles/CMakeTmp'


    Feature record: C_FEATURE:1c_function_prototypes
    Feature record: C_FEATURE:0c_restrict
    Feature record: C_FEATURE:0c_static_assert
    Feature record: C_FEATURE:0c_variadic_macros
Determining if the CXX compiler works passed with the following output:
Change Dir: /home/iwtm952/Downloads/thesis/CMakeFiles/CMakeTmp

Run Build Command:"/usr/bin/make" "cmTC_12862/fast"
/usr/bin/make -f CMakeFiles/cmTC_12862.dir/build.make CMakeFiles/cmTC_12862.dir/build
make[1]: Entering directory '/home/iwtm952/Downloads/thesis/CMakeFiles/CMakeTmp'
Building CXX object CMakeFiles/cmTC_12862.dir/testCXXCompiler.cxx.o
/calculate/spack-9.x/opt/spack/linux-ubuntu16.04-x86_64/gcc-5.4.0/openmpi-3.1.3-3njc4q5pqdpptq6jvqjrezkffwokv2sx/bin/mpic++      -o CMakeFiles/cmTC_12862.dir/testCXXCompiler.cxx.o -c /home/iwtm952/Downloads/thesis/CMakeFiles/CMakeTmp/testCXXCompiler.cxx
Linking CXX executable cmTC_12862
/usr/bin/cmake -E cmake_link_script CMakeFiles/cmTC_12862.dir/link.txt --verbose=1
/calculate/spack-9.x/opt/spack/linux-ubuntu16.04-x86_64/gcc-5.4.0/openmpi-3.1.3-3njc4q5pqdpptq6jvqjrezkffwokv2sx/bin/mpic++        CMakeFiles/cmTC_12862.dir/testCXXCompiler.cxx.o  -o cmTC_12862 -rdynamic 
make[1]: Leaving directory '/home/iwtm952/Downloads/thesis/CMakeFiles/CMakeTmp'


Detecting CXX compiler ABI info compiled with the following output:
Change Dir: /home/iwtm952/Downloads/thesis/CMakeFiles/CMakeTmp

Run Build Command:"/usr/bin/make" "cmTC_e0714/fast"
/usr/bin/make -f CMakeFiles/cmTC_e0714.dir/build.make CMakeFiles/cmTC_e0714.dir/build
make[1]: Entering directory '/home/iwtm952/Downloads/thesis/CMakeFiles/CMakeTmp'
Building CXX object CMakeFiles/cmTC_e0714.dir/CMakeCXXCompilerABI.cpp.o
/calculate/spack-9.x/opt/spack/linux-ubuntu16.04-x86_64/gcc-5.4.0/openmpi-3.1.3-3njc4q5pqdpptq6jvqjrezkffwokv2sx/bin/mpic++      -o CMakeFiles/cmTC_e0714.dir/CMakeCXXCompilerABI.cpp.o -c /usr/share/cmake-3.5/Modules/CMakeCXXCompilerABI.cpp
Linking CXX executable cmTC_e0714
/usr/bin/cmake -E cmake_link_script CMakeFiles/cmTC_e0714.dir/link.txt --verbose=1
/calculate/spack-9.x/opt/spack/linux-ubuntu16.04-x86_64/gcc-5.4.0/openmpi-3.1.3-3njc4q5pqdpptq6jvqjrezkffwokv2sx/bin/mpic++       -v CMakeFiles/cmTC_e0714.dir/CMakeCXXCompilerABI.cpp.o  -o cmTC_e0714 -rdynamic  
Using built-in specs.
COLLECT_GCC=/usr/bin/g++-5
COLLECT_LTO_WRAPPER=/usr/lib/gcc/x86_64-linux-gnu/5/lto-wrapper
Target: x86_64-linux-gnu
Configured with: ../src/configure -v --with-pkgversion='Ubuntu 5.4.0-6ubuntu1~16.04.12' --with-bugurl=file:///usr/share/doc/gcc-5/README.Bugs --enable-languages=c,ada,c++,java,go,d,fortran,objc,obj-c++ --prefix=/usr --program-suffix=-5 --enable-shared --enable-linker-build-id --libexecdir=/usr/lib --without-included-gettext --enable-threads=posix --libdir=/usr/lib --enable-nls --with-sysroot=/ --enable-clocale=gnu --enable-libstdcxx-debug --enable-libstdcxx-time=yes --with-default-libstdcxx-abi=new --enable-gnu-unique-object --disable-vtable-verify --enable-libmpx --enable-plugin --with-system-zlib --disable-browser-plugin --enable-java-awt=gtk --enable-gtk-cairo --with-java-home=/usr/lib/jvm/java-1.5.0-gcj-5-amd64/jre --enable-java-home --with-jvm-root-dir=/usr/lib/jvm/java-1.5.0-gcj-5-amd64 --with-jvm-jar-dir=/usr/lib/jvm-exports/java-1.5.0-gcj-5-amd64 --with-arch-directory=amd64 --with-ecj-jar=/usr/share/java/eclipse-ecj.jar --enable-objc-gc --enable-multiarch --disable-werror --with-arch-32=i686 --with-abi=m64 --with-multilib-list=m32,m64,mx32 --enable-multilib --with-tune=generic --enable-checking=release --build=x86_64-linux-gnu --host=x86_64-linux-gnu --target=x86_64-linux-gnu
Thread model: posix
gcc version 5.4.0 20160609 (Ubuntu 5.4.0-6ubuntu1~16.04.12) 
COMPILER_PATH=/usr/lib/gcc/x86_64-linux-gnu/5/:/usr/lib/gcc/x86_64-linux-gnu/5/:/usr/lib/gcc/x86_64-linux-gnu/:/usr/lib/gcc/x86_64-linux-gnu/5/:/usr/lib/gcc/x86_64-linux-gnu/
LIBRARY_PATH=/calculate/spack-9.x/opt/spack/linux-ubuntu16.04-x86_64/gcc-5.4.0/openmpi-3.1.3-3njc4q5pqdpptq6jvqjrezkffwokv2sx/lib/../lib/:/calculate/spack-9.x/opt/spack/linux-ubuntu16.04-x86_64/gcc-5.4.0/dealii-9.0.1-oi6igqslrxwfluobndarhttwgyxrqkwz/lib/../lib/:/usr/lib/gcc/x86_64-linux-gnu/5/:/usr/lib/gcc/x86_64-linux-gnu/5/../../../x86_64-linux-gnu/:/usr/lib/gcc/x86_64-linux-gnu/5/../../../../lib/:/lib/x86_64-linux-gnu/:/lib/../lib/:/usr/lib/x86_64-linux-gnu/:/usr/lib/../lib/:/calculate/spack-9.x/opt/spack/linux-ubuntu16.04-x86_64/gcc-5.4.0/openmpi-3.1.3-3njc4q5pqdpptq6jvqjrezkffwokv2sx/lib/:/calculate/spack-9.x/opt/spack/linux-ubuntu16.04-x86_64/gcc-5.4.0/dealii-9.0.1-oi6igqslrxwfluobndarhttwgyxrqkwz/lib/:/usr/lib/gcc/x86_64-linux-gnu/5/../../../:/lib/:/usr/lib/
COLLECT_GCC_OPTIONS='-v' '-o' 'cmTC_e0714' '-rdynamic' '-I' '/calculate/spack-9.x/opt/spack/linux-ubuntu16.04-x86_64/gcc-5.4.0/openmpi-3.1.3-3njc4q5pqdpptq6jvqjrezkffwokv2sx/include' '-fexceptions' '-pthread' '-L/calculate/spack-9.x/opt/spack/linux-ubuntu16.04-x86_64/gcc-5.4.0/hwloc-1.11.9-43tkw5mt6huhv37vqnybqgxtkodbsava/lib' '-L/calculate/spack-9.x/opt/spack/linux-ubuntu16.04-x86_64/gcc-5.4.0/openmpi-3.1.3-3njc4q5pqdpptq6jvqjrezkffwokv2sx/lib' '-shared-libgcc' '-mtune=generic' '-march=x86-64'
 /usr/lib/gcc/x86_64-linux-gnu/5/collect2 -plugin /usr/lib/gcc/x86_64-linux-gnu/5/liblto_plugin.so -plugin-opt=/usr/lib/gcc/x86_64-linux-gnu/5/lto-wrapper -plugin-opt=-fresolution=/tmp/cc5wnJ4O.res -plugin-opt=-pass-through=-lgcc_s -plugin-opt=-pass-through=-lgcc -plugin-opt=-pass-through=-lpthread -plugin-opt=-pass-through=-lc -plugin-opt=-pass-through=-lgcc_s -plugin-opt=-pass-through=-lgcc --sysroot=/ --build-id --eh-frame-hdr -m elf_x86_64 --hash-style=gnu --as-needed -export-dynamic -dynamic-linker /lib64/ld-linux-x86-64.so.2 -z relro -o cmTC_e0714 /usr/lib/gcc/x86_64-linux-gnu/5/../../../x86_64-linux-gnu/crt1.o /usr/lib/gcc/x86_64-linux-gnu/5/../../../x86_64-linux-gnu/crti.o /usr/lib/gcc/x86_64-linux-gnu/5/crtbegin.o -L/calculate/spack-9.x/opt/spack/linux-ubuntu16.04-x86_64/gcc-5.4.0/hwloc-1.11.9-43tkw5mt6huhv37vqnybqgxtkodbsava/lib -L/calculate/spack-9.x/opt/spack/linux-ubuntu16.04-x86_64/gcc-5.4.0/openmpi-3.1.3-3njc4q5pqdpptq6jvqjrezkffwokv2sx/lib -L/calculate/spack-9.x/opt/spack/linux-ubuntu16.04-x86_64/gcc-5.4.0/openmpi-3.1.3-3njc4q5pqdpptq6jvqjrezkffwokv2sx/lib/../lib -L/calculate/spack-9.x/opt/spack/linux-ubuntu16.04-x86_64/gcc-5.4.0/dealii-9.0.1-oi6igqslrxwfluobndarhttwgyxrqkwz/lib/../lib -L/usr/lib/gcc/x86_64-linux-gnu/5 -L/usr/lib/gcc/x86_64-linux-gnu/5/../../../x86_64-linux-gnu -L/usr/lib/gcc/x86_64-linux-gnu/5/../../../../lib -L/lib/x86_64-linux-gnu -L/lib/../lib -L/usr/lib/x86_64-linux-gnu -L/usr/lib/../lib -L/calculate/spack-9.x/opt/spack/linux-ubuntu16.04-x86_64/gcc-5.4.0/openmpi-3.1.3-3njc4q5pqdpptq6jvqjrezkffwokv2sx/lib -L/calculate/spack-9.x/opt/spack/linux-ubuntu16.04-x86_64/gcc-5.4.0/dealii-9.0.1-oi6igqslrxwfluobndarhttwgyxrqkwz/lib -L/usr/lib/gcc/x86_64-linux-gnu/5/../../.. CMakeFiles/cmTC_e0714.dir/CMakeCXXCompilerABI.cpp.o -rpath /calculate/spack-9.x/opt/spack/linux-ubuntu16.04-x86_64/gcc-5.4.0/hwloc-1.11.9-43tkw5mt6huhv37vqnybqgxtkodbsava/lib -rpath /calculate/spack-9.x/opt/spack/linux-ubuntu16.04-x86_64/gcc-5.4.0/openmpi-3.1.3-3njc4q5pqdpptq6jvqjrezkffwokv2sx/lib -lmpi_cxx -lmpi -lstdc++ -lm -lgcc_s -lgcc -lpthread -lc -lgcc_s -lgcc /usr/lib/gcc/x86_64-linux-gnu/5/crtend.o /usr/lib/gcc/x86_64-linux-gnu/5/../../../x86_64-linux-gnu/crtn.o
make[1]: Leaving directory '/home/iwtm952/Downloads/thesis/CMakeFiles/CMakeTmp'


Parsed CXX implicit link information from above output:
  link line regex: [^( *|.*[/\])(ld|([^/\]+-)?ld|collect2)[^/\]*( |$)]
  ignore line: [Change Dir: /home/iwtm952/Downloads/thesis/CMakeFiles/CMakeTmp]
  ignore line: []
  ignore line: [Run Build Command:"/usr/bin/make" "cmTC_e0714/fast"]
  ignore line: [/usr/bin/make -f CMakeFiles/cmTC_e0714.dir/build.make CMakeFiles/cmTC_e0714.dir/build]
  ignore line: [make[1]: Entering directory '/home/iwtm952/Downloads/thesis/CMakeFiles/CMakeTmp']
  ignore line: [Building CXX object CMakeFiles/cmTC_e0714.dir/CMakeCXXCompilerABI.cpp.o]
  ignore line: [/calculate/spack-9.x/opt/spack/linux-ubuntu16.04-x86_64/gcc-5.4.0/openmpi-3.1.3-3njc4q5pqdpptq6jvqjrezkffwokv2sx/bin/mpic++      -o CMakeFiles/cmTC_e0714.dir/CMakeCXXCompilerABI.cpp.o -c /usr/share/cmake-3.5/Modules/CMakeCXXCompilerABI.cpp]
  ignore line: [Linking CXX executable cmTC_e0714]
  ignore line: [/usr/bin/cmake -E cmake_link_script CMakeFiles/cmTC_e0714.dir/link.txt --verbose=1]
  ignore line: [/calculate/spack-9.x/opt/spack/linux-ubuntu16.04-x86_64/gcc-5.4.0/openmpi-3.1.3-3njc4q5pqdpptq6jvqjrezkffwokv2sx/bin/mpic++       -v CMakeFiles/cmTC_e0714.dir/CMakeCXXCompilerABI.cpp.o  -o cmTC_e0714 -rdynamic  ]
  ignore line: [Using built-in specs.]
  ignore line: [COLLECT_GCC=/usr/bin/g++-5]
  ignore line: [COLLECT_LTO_WRAPPER=/usr/lib/gcc/x86_64-linux-gnu/5/lto-wrapper]
  ignore line: [Target: x86_64-linux-gnu]
  ignore line: [Configured with: ../src/configure -v --with-pkgversion='Ubuntu 5.4.0-6ubuntu1~16.04.12' --with-bugurl=file:///usr/share/doc/gcc-5/README.Bugs --enable-languages=c,ada,c++,java,go,d,fortran,objc,obj-c++ --prefix=/usr --program-suffix=-5 --enable-shared --enable-linker-build-id --libexecdir=/usr/lib --without-included-gettext --enable-threads=posix --libdir=/usr/lib --enable-nls --with-sysroot=/ --enable-clocale=gnu --enable-libstdcxx-debug --enable-libstdcxx-time=yes --with-default-libstdcxx-abi=new --enable-gnu-unique-object --disable-vtable-verify --enable-libmpx --enable-plugin --with-system-zlib --disable-browser-plugin --enable-java-awt=gtk --enable-gtk-cairo --with-java-home=/usr/lib/jvm/java-1.5.0-gcj-5-amd64/jre --enable-java-home --with-jvm-root-dir=/usr/lib/jvm/java-1.5.0-gcj-5-amd64 --with-jvm-jar-dir=/usr/lib/jvm-exports/java-1.5.0-gcj-5-amd64 --with-arch-directory=amd64 --with-ecj-jar=/usr/share/java/eclipse-ecj.jar --enable-objc-gc --enable-multiarch --disable-werror --with-arch-32=i686 --with-abi=m64 --with-multilib-list=m32,m64,mx32 --enable-multilib --with-tune=generic --enable-checking=release --build=x86_64-linux-gnu --host=x86_64-linux-gnu --target=x86_64-linux-gnu]
  ignore line: [Thread model: posix]
  ignore line: [gcc version 5.4.0 20160609 (Ubuntu 5.4.0-6ubuntu1~16.04.12) ]
  ignore line: [COMPILER_PATH=/usr/lib/gcc/x86_64-linux-gnu/5/:/usr/lib/gcc/x86_64-linux-gnu/5/:/usr/lib/gcc/x86_64-linux-gnu/:/usr/lib/gcc/x86_64-linux-gnu/5/:/usr/lib/gcc/x86_64-linux-gnu/]
  ignore line: [LIBRARY_PATH=/calculate/spack-9.x/opt/spack/linux-ubuntu16.04-x86_64/gcc-5.4.0/openmpi-3.1.3-3njc4q5pqdpptq6jvqjrezkffwokv2sx/lib/../lib/:/calculate/spack-9.x/opt/spack/linux-ubuntu16.04-x86_64/gcc-5.4.0/dealii-9.0.1-oi6igqslrxwfluobndarhttwgyxrqkwz/lib/../lib/:/usr/lib/gcc/x86_64-linux-gnu/5/:/usr/lib/gcc/x86_64-linux-gnu/5/../../../x86_64-linux-gnu/:/usr/lib/gcc/x86_64-linux-gnu/5/../../../../lib/:/lib/x86_64-linux-gnu/:/lib/../lib/:/usr/lib/x86_64-linux-gnu/:/usr/lib/../lib/:/calculate/spack-9.x/opt/spack/linux-ubuntu16.04-x86_64/gcc-5.4.0/openmpi-3.1.3-3njc4q5pqdpptq6jvqjrezkffwokv2sx/lib/:/calculate/spack-9.x/opt/spack/linux-ubuntu16.04-x86_64/gcc-5.4.0/dealii-9.0.1-oi6igqslrxwfluobndarhttwgyxrqkwz/lib/:/usr/lib/gcc/x86_64-linux-gnu/5/../../../:/lib/:/usr/lib/]
  ignore line: [COLLECT_GCC_OPTIONS='-v' '-o' 'cmTC_e0714' '-rdynamic' '-I' '/calculate/spack-9.x/opt/spack/linux-ubuntu16.04-x86_64/gcc-5.4.0/openmpi-3.1.3-3njc4q5pqdpptq6jvqjrezkffwokv2sx/include' '-fexceptions' '-pthread' '-L/calculate/spack-9.x/opt/spack/linux-ubuntu16.04-x86_64/gcc-5.4.0/hwloc-1.11.9-43tkw5mt6huhv37vqnybqgxtkodbsava/lib' '-L/calculate/spack-9.x/opt/spack/linux-ubuntu16.04-x86_64/gcc-5.4.0/openmpi-3.1.3-3njc4q5pqdpptq6jvqjrezkffwokv2sx/lib' '-shared-libgcc' '-mtune=generic' '-march=x86-64']
  link line: [ /usr/lib/gcc/x86_64-linux-gnu/5/collect2 -plugin /usr/lib/gcc/x86_64-linux-gnu/5/liblto_plugin.so -plugin-opt=/usr/lib/gcc/x86_64-linux-gnu/5/lto-wrapper -plugin-opt=-fresolution=/tmp/cc5wnJ4O.res -plugin-opt=-pass-through=-lgcc_s -plugin-opt=-pass-through=-lgcc -plugin-opt=-pass-through=-lpthread -plugin-opt=-pass-through=-lc -plugin-opt=-pass-through=-lgcc_s -plugin-opt=-pass-through=-lgcc --sysroot=/ --build-id --eh-frame-hdr -m elf_x86_64 --hash-style=gnu --as-needed -export-dynamic -dynamic-linker /lib64/ld-linux-x86-64.so.2 -z relro -o cmTC_e0714 /usr/lib/gcc/x86_64-linux-gnu/5/../../../x86_64-linux-gnu/crt1.o /usr/lib/gcc/x86_64-linux-gnu/5/../../../x86_64-linux-gnu/crti.o /usr/lib/gcc/x86_64-linux-gnu/5/crtbegin.o -L/calculate/spack-9.x/opt/spack/linux-ubuntu16.04-x86_64/gcc-5.4.0/hwloc-1.11.9-43tkw5mt6huhv37vqnybqgxtkodbsava/lib -L/calculate/spack-9.x/opt/spack/linux-ubuntu16.04-x86_64/gcc-5.4.0/openmpi-3.1.3-3njc4q5pqdpptq6jvqjrezkffwokv2sx/lib -L/calculate/spack-9.x/opt/spack/linux-ubuntu16.04-x86_64/gcc-5.4.0/openmpi-3.1.3-3njc4q5pqdpptq6jvqjrezkffwokv2sx/lib/../lib -L/calculate/spack-9.x/opt/spack/linux-ubuntu16.04-x86_64/gcc-5.4.0/dealii-9.0.1-oi6igqslrxwfluobndarhttwgyxrqkwz/lib/../lib -L/usr/lib/gcc/x86_64-linux-gnu/5 -L/usr/lib/gcc/x86_64-linux-gnu/5/../../../x86_64-linux-gnu -L/usr/lib/gcc/x86_64-linux-gnu/5/../../../../lib -L/lib/x86_64-linux-gnu -L/lib/../lib -L/usr/lib/x86_64-linux-gnu -L/usr/lib/../lib -L/calculate/spack-9.x/opt/spack/linux-ubuntu16.04-x86_64/gcc-5.4.0/openmpi-3.1.3-3njc4q5pqdpptq6jvqjrezkffwokv2sx/lib -L/calculate/spack-9.x/opt/spack/linux-ubuntu16.04-x86_64/gcc-5.4.0/dealii-9.0.1-oi6igqslrxwfluobndarhttwgyxrqkwz/lib -L/usr/lib/gcc/x86_64-linux-gnu/5/../../.. CMakeFiles/cmTC_e0714.dir/CMakeCXXCompilerABI.cpp.o -rpath /calculate/spack-9.x/opt/spack/linux-ubuntu16.04-x86_64/gcc-5.4.0/hwloc-1.11.9-43tkw5mt6huhv37vqnybqgxtkodbsava/lib -rpath /calculate/spack-9.x/opt/spack/linux-ubuntu16.04-x86_64/gcc-5.4.0/openmpi-3.1.3-3njc4q5pqdpptq6jvqjrezkffwokv2sx/lib -lmpi_cxx -lmpi -lstdc++ -lm -lgcc_s -lgcc -lpthread -lc -lgcc_s -lgcc /usr/lib/gcc/x86_64-linux-gnu/5/crtend.o /usr/lib/gcc/x86_64-linux-gnu/5/../../../x86_64-linux-gnu/crtn.o]
    arg [/usr/lib/gcc/x86_64-linux-gnu/5/collect2] ==> ignore
    arg [-plugin] ==> ignore
    arg [/usr/lib/gcc/x86_64-linux-gnu/5/liblto_plugin.so] ==> ignore
    arg [-plugin-opt=/usr/lib/gcc/x86_64-linux-gnu/5/lto-wrapper] ==> ignore
    arg [-plugin-opt=-fresolution=/tmp/cc5wnJ4O.res] ==> ignore
    arg [-plugin-opt=-pass-through=-lgcc_s] ==> ignore
    arg [-plugin-opt=-pass-through=-lgcc] ==> ignore
    arg [-plugin-opt=-pass-through=-lpthread] ==> ignore
    arg [-plugin-opt=-pass-through=-lc] ==> ignore
    arg [-plugin-opt=-pass-through=-lgcc_s] ==> ignore
    arg [-plugin-opt=-pass-through=-lgcc] ==> ignore
    arg [--sysroot=/] ==> ignore
    arg [--build-id] ==> ignore
    arg [--eh-frame-hdr] ==> ignore
    arg [-m] ==> ignore
    arg [elf_x86_64] ==> ignore
    arg [--hash-style=gnu] ==> ignore
    arg [--as-needed] ==> ignore
    arg [-export-dynamic] ==> ignore
    arg [-dynamic-linker] ==> ignore
    arg [/lib64/ld-linux-x86-64.so.2] ==> ignore
    arg [-zrelro] ==> ignore
    arg [-o] ==> ignore
    arg [cmTC_e0714] ==> ignore
    arg [/usr/lib/gcc/x86_64-linux-gnu/5/../../../x86_64-linux-gnu/crt1.o] ==> ignore
    arg [/usr/lib/gcc/x86_64-linux-gnu/5/../../../x86_64-linux-gnu/crti.o] ==> ignore
    arg [/usr/lib/gcc/x86_64-linux-gnu/5/crtbegin.o] ==> ignore
    arg [-L/calculate/spack-9.x/opt/spack/linux-ubuntu16.04-x86_64/gcc-5.4.0/hwloc-1.11.9-43tkw5mt6huhv37vqnybqgxtkodbsava/lib] ==> dir [/calculate/spack-9.x/opt/spack/linux-ubuntu16.04-x86_64/gcc-5.4.0/hwloc-1.11.9-43tkw5mt6huhv37vqnybqgxtkodbsava/lib]
    arg [-L/calculate/spack-9.x/opt/spack/linux-ubuntu16.04-x86_64/gcc-5.4.0/openmpi-3.1.3-3njc4q5pqdpptq6jvqjrezkffwokv2sx/lib] ==> dir [/calculate/spack-9.x/opt/spack/linux-ubuntu16.04-x86_64/gcc-5.4.0/openmpi-3.1.3-3njc4q5pqdpptq6jvqjrezkffwokv2sx/lib]
    arg [-L/calculate/spack-9.x/opt/spack/linux-ubuntu16.04-x86_64/gcc-5.4.0/openmpi-3.1.3-3njc4q5pqdpptq6jvqjrezkffwokv2sx/lib/../lib] ==> dir [/calculate/spack-9.x/opt/spack/linux-ubuntu16.04-x86_64/gcc-5.4.0/openmpi-3.1.3-3njc4q5pqdpptq6jvqjrezkffwokv2sx/lib/../lib]
    arg [-L/calculate/spack-9.x/opt/spack/linux-ubuntu16.04-x86_64/gcc-5.4.0/dealii-9.0.1-oi6igqslrxwfluobndarhttwgyxrqkwz/lib/../lib] ==> dir [/calculate/spack-9.x/opt/spack/linux-ubuntu16.04-x86_64/gcc-5.4.0/dealii-9.0.1-oi6igqslrxwfluobndarhttwgyxrqkwz/lib/../lib]
    arg [-L/usr/lib/gcc/x86_64-linux-gnu/5] ==> dir [/usr/lib/gcc/x86_64-linux-gnu/5]
    arg [-L/usr/lib/gcc/x86_64-linux-gnu/5/../../../x86_64-linux-gnu] ==> dir [/usr/lib/gcc/x86_64-linux-gnu/5/../../../x86_64-linux-gnu]
    arg [-L/usr/lib/gcc/x86_64-linux-gnu/5/../../../../lib] ==> dir [/usr/lib/gcc/x86_64-linux-gnu/5/../../../../lib]
    arg [-L/lib/x86_64-linux-gnu] ==> dir [/lib/x86_64-linux-gnu]
    arg [-L/lib/../lib] ==> dir [/lib/../lib]
    arg [-L/usr/lib/x86_64-linux-gnu] ==> dir [/usr/lib/x86_64-linux-gnu]
    arg [-L/usr/lib/../lib] ==> dir [/usr/lib/../lib]
    arg [-L/calculate/spack-9.x/opt/spack/linux-ubuntu16.04-x86_64/gcc-5.4.0/openmpi-3.1.3-3njc4q5pqdpptq6jvqjrezkffwokv2sx/lib] ==> dir [/calculate/spack-9.x/opt/spack/linux-ubuntu16.04-x86_64/gcc-5.4.0/openmpi-3.1.3-3njc4q5pqdpptq6jvqjrezkffwokv2sx/lib]
    arg [-L/calculate/spack-9.x/opt/spack/linux-ubuntu16.04-x86_64/gcc-5.4.0/dealii-9.0.1-oi6igqslrxwfluobndarhttwgyxrqkwz/lib] ==> dir [/calculate/spack-9.x/opt/spack/linux-ubuntu16.04-x86_64/gcc-5.4.0/dealii-9.0.1-oi6igqslrxwfluobndarhttwgyxrqkwz/lib]
    arg [-L/usr/lib/gcc/x86_64-linux-gnu/5/../../..] ==> dir [/usr/lib/gcc/x86_64-linux-gnu/5/../../..]
    arg [CMakeFiles/cmTC_e0714.dir/CMakeCXXCompilerABI.cpp.o] ==> ignore
    arg [-rpath] ==> ignore
    arg [/calculate/spack-9.x/opt/spack/linux-ubuntu16.04-x86_64/gcc-5.4.0/hwloc-1.11.9-43tkw5mt6huhv37vqnybqgxtkodbsava/lib] ==> ignore
    arg [-rpath] ==> ignore
    arg [/calculate/spack-9.x/opt/spack/linux-ubuntu16.04-x86_64/gcc-5.4.0/openmpi-3.1.3-3njc4q5pqdpptq6jvqjrezkffwokv2sx/lib] ==> ignore
    arg [-lmpi_cxx] ==> lib [mpi_cxx]
    arg [-lmpi] ==> lib [mpi]
    arg [-lstdc++] ==> lib [stdc++]
    arg [-lm] ==> lib [m]
    arg [-lgcc_s] ==> lib [gcc_s]
    arg [-lgcc] ==> lib [gcc]
    arg [-lpthread] ==> lib [pthread]
    arg [-lc] ==> lib [c]
    arg [-lgcc_s] ==> lib [gcc_s]
    arg [-lgcc] ==> lib [gcc]
    arg [/usr/lib/gcc/x86_64-linux-gnu/5/crtend.o] ==> ignore
    arg [/usr/lib/gcc/x86_64-linux-gnu/5/../../../x86_64-linux-gnu/crtn.o] ==> ignore
  remove lib [gcc_s]
  remove lib [gcc]
  remove lib [gcc_s]
  remove lib [gcc]
  collapse library dir [/calculate/spack-9.x/opt/spack/linux-ubuntu16.04-x86_64/gcc-5.4.0/hwloc-1.11.9-43tkw5mt6huhv37vqnybqgxtkodbsava/lib] ==> [/calculate/spack-9.x/opt/spack/linux-ubuntu16.04-x86_64/gcc-5.4.0/hwloc-1.11.9-43tkw5mt6huhv37vqnybqgxtkodbsava/lib]
  collapse library dir [/calculate/spack-9.x/opt/spack/linux-ubuntu16.04-x86_64/gcc-5.4.0/openmpi-3.1.3-3njc4q5pqdpptq6jvqjrezkffwokv2sx/lib] ==> [/calculate/spack-9.x/opt/spack/linux-ubuntu16.04-x86_64/gcc-5.4.0/openmpi-3.1.3-3njc4q5pqdpptq6jvqjrezkffwokv2sx/lib]
  collapse library dir [/calculate/spack-9.x/opt/spack/linux-ubuntu16.04-x86_64/gcc-5.4.0/openmpi-3.1.3-3njc4q5pqdpptq6jvqjrezkffwokv2sx/lib/../lib] ==> [/calculate/spack-9.x/opt/spack/linux-ubuntu16.04-x86_64/gcc-5.4.0/openmpi-3.1.3-3njc4q5pqdpptq6jvqjrezkffwokv2sx/lib]
  collapse library dir [/calculate/spack-9.x/opt/spack/linux-ubuntu16.04-x86_64/gcc-5.4.0/dealii-9.0.1-oi6igqslrxwfluobndarhttwgyxrqkwz/lib/../lib] ==> [/calculate/spack-9.x/opt/spack/linux-ubuntu16.04-x86_64/gcc-5.4.0/dealii-9.0.1-oi6igqslrxwfluobndarhttwgyxrqkwz/lib]
  collapse library dir [/usr/lib/gcc/x86_64-linux-gnu/5] ==> [/usr/lib/gcc/x86_64-linux-gnu/5]
  collapse library dir [/usr/lib/gcc/x86_64-linux-gnu/5/../../../x86_64-linux-gnu] ==> [/usr/lib/x86_64-linux-gnu]
  collapse library dir [/usr/lib/gcc/x86_64-linux-gnu/5/../../../../lib] ==> [/usr/lib]
  collapse library dir [/lib/x86_64-linux-gnu] ==> [/lib/x86_64-linux-gnu]
  collapse library dir [/lib/../lib] ==> [/lib]
  collapse library dir [/usr/lib/x86_64-linux-gnu] ==> [/usr/lib/x86_64-linux-gnu]
  collapse library dir [/usr/lib/../lib] ==> [/usr/lib]
  collapse library dir [/calculate/spack-9.x/opt/spack/linux-ubuntu16.04-x86_64/gcc-5.4.0/openmpi-3.1.3-3njc4q5pqdpptq6jvqjrezkffwokv2sx/lib] ==> [/calculate/spack-9.x/opt/spack/linux-ubuntu16.04-x86_64/gcc-5.4.0/openmpi-3.1.3-3njc4q5pqdpptq6jvqjrezkffwokv2sx/lib]
  collapse library dir [/calculate/spack-9.x/opt/spack/linux-ubuntu16.04-x86_64/gcc-5.4.0/dealii-9.0.1-oi6igqslrxwfluobndarhttwgyxrqkwz/lib] ==> [/calculate/spack-9.x/opt/spack/linux-ubuntu16.04-x86_64/gcc-5.4.0/dealii-9.0.1-oi6igqslrxwfluobndarhttwgyxrqkwz/lib]
  collapse library dir [/usr/lib/gcc/x86_64-linux-gnu/5/../../..] ==> [/usr/lib]
  implicit libs: [mpi_cxx;mpi;stdc++;m;pthread;c]
  implicit dirs: [/calculate/spack-9.x/opt/spack/linux-ubuntu16.04-x86_64/gcc-5.4.0/hwloc-1.11.9-43tkw5mt6huhv37vqnybqgxtkodbsava/lib;/calculate/spack-9.x/opt/spack/linux-ubuntu16.04-x86_64/gcc-5.4.0/openmpi-3.1.3-3njc4q5pqdpptq6jvqjrezkffwokv2sx/lib;/calculate/spack-9.x/opt/spack/linux-ubuntu16.04-x86_64/gcc-5.4.0/dealii-9.0.1-oi6igqslrxwfluobndarhttwgyxrqkwz/lib;/usr/lib/gcc/x86_64-linux-gnu/5;/usr/lib/x86_64-linux-gnu;/usr/lib;/lib/x86_64-linux-gnu;/lib]
  implicit fwks: []




Detecting CXX [-std=c++14] compiler features compiled with the following output:
Change Dir: /home/iwtm952/Downloads/thesis/CMakeFiles/CMakeTmp

Run Build Command:"/usr/bin/make" "cmTC_e2c3d/fast"
/usr/bin/make -f CMakeFiles/cmTC_e2c3d.dir/build.make CMakeFiles/cmTC_e2c3d.dir/build
make[1]: Entering directory '/home/iwtm952/Downloads/thesis/CMakeFiles/CMakeTmp'
Building CXX object CMakeFiles/cmTC_e2c3d.dir/feature_tests.cxx.o
/calculate/spack-9.x/opt/spack/linux-ubuntu16.04-x86_64/gcc-5.4.0/openmpi-3.1.3-3njc4q5pqdpptq6jvqjrezkffwokv2sx/bin/mpic++     -std=c++14 -o CMakeFiles/cmTC_e2c3d.dir/feature_tests.cxx.o -c /home/iwtm952/Downloads/thesis/CMakeFiles/feature_tests.cxx
Linking CXX executable cmTC_e2c3d
/usr/bin/cmake -E cmake_link_script CMakeFiles/cmTC_e2c3d.dir/link.txt --verbose=1
/calculate/spack-9.x/opt/spack/linux-ubuntu16.04-x86_64/gcc-5.4.0/openmpi-3.1.3-3njc4q5pqdpptq6jvqjrezkffwokv2sx/bin/mpic++        CMakeFiles/cmTC_e2c3d.dir/feature_tests.cxx.o  -o cmTC_e2c3d -rdynamic 
make[1]: Leaving directory '/home/iwtm952/Downloads/thesis/CMakeFiles/CMakeTmp'


    Feature record: CXX_FEATURE:1cxx_aggregate_default_initializers
    Feature record: CXX_FEATURE:1cxx_alias_templates
    Feature record: CXX_FEATURE:1cxx_alignas
    Feature record: CXX_FEATURE:1cxx_alignof
    Feature record: CXX_FEATURE:1cxx_attributes
    Feature record: CXX_FEATURE:1cxx_attribute_deprecated
    Feature record: CXX_FEATURE:1cxx_auto_type
    Feature record: CXX_FEATURE:1cxx_binary_literals
    Feature record: CXX_FEATURE:1cxx_constexpr
    Feature record: CXX_FEATURE:1cxx_contextual_conversions
    Feature record: CXX_FEATURE:1cxx_decltype
    Feature record: CXX_FEATURE:1cxx_decltype_auto
    Feature record: CXX_FEATURE:1cxx_decltype_incomplete_return_types
    Feature record: CXX_FEATURE:1cxx_default_function_template_args
    Feature record: CXX_FEATURE:1cxx_defaulted_functions
    Feature record: CXX_FEATURE:1cxx_defaulted_move_initializers
    Feature record: CXX_FEATURE:1cxx_delegating_constructors
    Feature record: CXX_FEATURE:1cxx_deleted_functions
    Feature record: CXX_FEATURE:1cxx_digit_separators
    Feature record: CXX_FEATURE:1cxx_enum_forward_declarations
    Feature record: CXX_FEATURE:1cxx_explicit_conversions
    Feature record: CXX_FEATURE:1cxx_extended_friend_declarations
    Feature record: CXX_FEATURE:1cxx_extern_templates
    Feature record: CXX_FEATURE:1cxx_final
    Feature record: CXX_FEATURE:1cxx_func_identifier
    Feature record: CXX_FEATURE:1cxx_generalized_initializers
    Feature record: CXX_FEATURE:1cxx_generic_lambdas
    Feature record: CXX_FEATURE:1cxx_inheriting_constructors
    Feature record: CXX_FEATURE:1cxx_inline_namespaces
    Feature record: CXX_FEATURE:1cxx_lambdas
    Feature record: CXX_FEATURE:1cxx_lambda_init_captures
    Feature record: CXX_FEATURE:1cxx_local_type_template_args
    Feature record: CXX_FEATURE:1cxx_long_long_type
    Feature record: CXX_FEATURE:1cxx_noexcept
    Feature record: CXX_FEATURE:1cxx_nonstatic_member_init
    Feature record: CXX_FEATURE:1cxx_nullptr
    Feature record: CXX_FEATURE:1cxx_override
    Feature record: CXX_FEATURE:1cxx_range_for
    Feature record: CXX_FEATURE:1cxx_raw_string_literals
    Feature record: CXX_FEATURE:1cxx_reference_qualified_functions
    Feature record: CXX_FEATURE:1cxx_relaxed_constexpr
    Feature record: CXX_FEATURE:1cxx_return_type_deduction
    Feature record: CXX_FEATURE:1cxx_right_angle_brackets
    Feature record: CXX_FEATURE:1cxx_rvalue_references
    Feature record: CXX_FEATURE:1cxx_sizeof_member
    Feature record: CXX_FEATURE:1cxx_static_assert
    Feature record: CXX_FEATURE:1cxx_strong_enums
    Feature record: CXX_FEATURE:1cxx_template_template_parameters
    Feature record: CXX_FEATURE:1cxx_thread_local
    Feature record: CXX_FEATURE:1cxx_trailing_return_types
    Feature record: CXX_FEATURE:1cxx_unicode_literals
    Feature record: CXX_FEATURE:1cxx_uniform_initialization
    Feature record: CXX_FEATURE:1cxx_unrestricted_unions
    Feature record: CXX_FEATURE:1cxx_user_literals
    Feature record: CXX_FEATURE:1cxx_variable_templates
    Feature record: CXX_FEATURE:1cxx_variadic_macros
    Feature record: CXX_FEATURE:1cxx_variadic_templates


Detecting CXX [-std=c++11] compiler features compiled with the following output:
Change Dir: /home/iwtm952/Downloads/thesis/CMakeFiles/CMakeTmp

Run Build Command:"/usr/bin/make" "cmTC_75fef/fast"
/usr/bin/make -f CMakeFiles/cmTC_75fef.dir/build.make CMakeFiles/cmTC_75fef.dir/build
make[1]: Entering directory '/home/iwtm952/Downloads/thesis/CMakeFiles/CMakeTmp'
Building CXX object CMakeFiles/cmTC_75fef.dir/feature_tests.cxx.o
/calculate/spack-9.x/opt/spack/linux-ubuntu16.04-x86_64/gcc-5.4.0/openmpi-3.1.3-3njc4q5pqdpptq6jvqjrezkffwokv2sx/bin/mpic++     -std=c++11 -o CMakeFiles/cmTC_75fef.dir/feature_tests.cxx.o -c /home/iwtm952/Downloads/thesis/CMakeFiles/feature_tests.cxx
Linking CXX executable cmTC_75fef
/usr/bin/cmake -E cmake_link_script CMakeFiles/cmTC_75fef.dir/link.txt --verbose=1
/calculate/spack-9.x/opt/spack/linux-ubuntu16.04-x86_64/gcc-5.4.0/openmpi-3.1.3-3njc4q5pqdpptq6jvqjrezkffwokv2sx/bin/mpic++        CMakeFiles/cmTC_75fef.dir/feature_tests.cxx.o  -o cmTC_75fef -rdynamic 
make[1]: Leaving directory '/home/iwtm952/Downloads/thesis/CMakeFiles/CMakeTmp'


    Feature record: CXX_FEATURE:0cxx_aggregate_default_initializers
    Feature record: CXX_FEATURE:1cxx_alias_templates
    Feature record: CXX_FEATURE:1cxx_alignas
    Feature record: CXX_FEATURE:1cxx_alignof
    Feature record: CXX_FEATURE:1cxx_attributes
    Feature record: CXX_FEATURE:0cxx_attribute_deprecated
    Feature record: CXX_FEATURE:1cxx_auto_type
    Feature record: CXX_FEATURE:0cxx_binary_literals
    Feature record: CXX_FEATURE:1cxx_constexpr
    Feature record: CXX_FEATURE:0cxx_contextual_conversions
    Feature record: CXX_FEATURE:1cxx_decltype
    Feature record: CXX_FEATURE:0cxx_decltype_auto
    Feature record: CXX_FEATURE:1cxx_decltype_incomplete_return_types
    Feature record: CXX_FEATURE:1cxx_default_function_template_args
    Feature record: CXX_FEATURE:1cxx_defaulted_functions
    Feature record: CXX_FEATURE:1cxx_defaulted_move_initializers
    Feature record: CXX_FEATURE:1cxx_delegating_constructors
    Feature record: CXX_FEATURE:1cxx_deleted_functions
    Feature record: CXX_FEATURE:0cxx_digit_separators
    Feature record: CXX_FEATURE:1cxx_enum_forward_declarations
    Feature record: CXX_FEATURE:1cxx_explicit_conversions
    Feature record: CXX_FEATURE:1cxx_extended_friend_declarations
    Feature record: CXX_FEATURE:1cxx_extern_templates
    Feature record: CXX_FEATURE:1cxx_final
    Feature record: CXX_FEATURE:1cxx_func_identifier
    Feature record: CXX_FEATURE:1cxx_generalized_initializers
    Feature record: CXX_FEATURE:0cxx_generic_lambdas
    Feature record: CXX_FEATURE:1cxx_inheriting_constructors
    Feature record: CXX_FEATURE:1cxx_inline_namespaces
    Feature record: CXX_FEATURE:1cxx_lambdas
    Feature record: CXX_FEATURE:0cxx_lambda_init_captures
    Feature record: CXX_FEATURE:1cxx_local_type_template_args
    Feature record: CXX_FEATURE:1cxx_long_long_type
    Feature record: CXX_FEATURE:1cxx_noexcept
    Feature record: CXX_FEATURE:1cxx_nonstatic_member_init
    Feature record: CXX_FEATURE:1cxx_nullptr
    Feature record: CXX_FEATURE:1cxx_override
    Feature record: CXX_FEATURE:1cxx_range_for
    Feature record: CXX_FEATURE:1cxx_raw_string_literals
    Feature record: CXX_FEATURE:1cxx_reference_qualified_functions
    Feature record: CXX_FEATURE:0cxx_relaxed_constexpr
    Feature record: CXX_FEATURE:0cxx_return_type_deduction
    Feature record: CXX_FEATURE:1cxx_right_angle_brackets
    Feature record: CXX_FEATURE:1cxx_rvalue_references
    Feature record: CXX_FEATURE:1cxx_sizeof_member
    Feature record: CXX_FEATURE:1cxx_static_assert
    Feature record: CXX_FEATURE:1cxx_strong_enums
    Feature record: CXX_FEATURE:1cxx_template_template_parameters
    Feature record: CXX_FEATURE:1cxx_thread_local
    Feature record: CXX_FEATURE:1cxx_trailing_return_types
    Feature record: CXX_FEATURE:1cxx_unicode_literals
    Feature record: CXX_FEATURE:1cxx_uniform_initialization
    Feature record: CXX_FEATURE:1cxx_unrestricted_unions
    Feature record: CXX_FEATURE:1cxx_user_literals
    Feature record: CXX_FEATURE:0cxx_variable_templates
    Feature record: CXX_FEATURE:1cxx_variadic_macros
    Feature record: CXX_FEATURE:1cxx_variadic_templates


Detecting CXX [-std=c++98] compiler features compiled with the following output:
Change Dir: /home/iwtm952/Downloads/thesis/CMakeFiles/CMakeTmp

Run Build Command:"/usr/bin/make" "cmTC_faf16/fast"
/usr/bin/make -f CMakeFiles/cmTC_faf16.dir/build.make CMakeFiles/cmTC_faf16.dir/build
make[1]: Entering directory '/home/iwtm952/Downloads/thesis/CMakeFiles/CMakeTmp'
Building CXX object CMakeFiles/cmTC_faf16.dir/feature_tests.cxx.o
/calculate/spack-9.x/opt/spack/linux-ubuntu16.04-x86_64/gcc-5.4.0/openmpi-3.1.3-3njc4q5pqdpptq6jvqjrezkffwokv2sx/bin/mpic++     -std=c++98 -o CMakeFiles/cmTC_faf16.dir/feature_tests.cxx.o -c /home/iwtm952/Downloads/thesis/CMakeFiles/feature_tests.cxx
Linking CXX executable cmTC_faf16
/usr/bin/cmake -E cmake_link_script CMakeFiles/cmTC_faf16.dir/link.txt --verbose=1
/calculate/spack-9.x/opt/spack/linux-ubuntu16.04-x86_64/gcc-5.4.0/openmpi-3.1.3-3njc4q5pqdpptq6jvqjrezkffwokv2sx/bin/mpic++        CMakeFiles/cmTC_faf16.dir/feature_tests.cxx.o  -o cmTC_faf16 -rdynamic 
make[1]: Leaving directory '/home/iwtm952/Downloads/thesis/CMakeFiles/CMakeTmp'


    Feature record: CXX_FEATURE:0cxx_aggregate_default_initializers
    Feature record: CXX_FEATURE:0cxx_alias_templates
    Feature record: CXX_FEATURE:0cxx_alignas
    Feature record: CXX_FEATURE:0cxx_alignof
    Feature record: CXX_FEATURE:0cxx_attributes
    Feature record: CXX_FEATURE:0cxx_attribute_deprecated
    Feature record: CXX_FEATURE:0cxx_auto_type
    Feature record: CXX_FEATURE:0cxx_binary_literals
    Feature record: CXX_FEATURE:0cxx_constexpr
    Feature record: CXX_FEATURE:0cxx_contextual_conversions
    Feature record: CXX_FEATURE:0cxx_decltype
    Feature record: CXX_FEATURE:0cxx_decltype_auto
    Feature record: CXX_FEATURE:0cxx_decltype_incomplete_return_types
    Feature record: CXX_FEATURE:0cxx_default_function_template_args
    Feature record: CXX_FEATURE:0cxx_defaulted_functions
    Feature record: CXX_FEATURE:0cxx_defaulted_move_initializers
    Feature record: CXX_FEATURE:0cxx_delegating_constructors
    Feature record: CXX_FEATURE:0cxx_deleted_functions
    Feature record: CXX_FEATURE:0cxx_digit_separators
    Feature record: CXX_FEATURE:0cxx_enum_forward_declarations
    Feature record: CXX_FEATURE:0cxx_explicit_conversions
    Feature record: CXX_FEATURE:0cxx_extended_friend_declarations
    Feature record: CXX_FEATURE:0cxx_extern_templates
    Feature record: CXX_FEATURE:0cxx_final
    Feature record: CXX_FEATURE:0cxx_func_identifier
    Feature record: CXX_FEATURE:0cxx_generalized_initializers
    Feature record: CXX_FEATURE:0cxx_generic_lambdas
    Feature record: CXX_FEATURE:0cxx_inheriting_constructors
    Feature record: CXX_FEATURE:0cxx_inline_namespaces
    Feature record: CXX_FEATURE:0cxx_lambdas
    Feature record: CXX_FEATURE:0cxx_lambda_init_captures
    Feature record: CXX_FEATURE:0cxx_local_type_template_args
    Feature record: CXX_FEATURE:0cxx_long_long_type
    Feature record: CXX_FEATURE:0cxx_noexcept
    Feature record: CXX_FEATURE:0cxx_nonstatic_member_init
    Feature record: CXX_FEATURE:0cxx_nullptr
    Feature record: CXX_FEATURE:0cxx_override
    Feature record: CXX_FEATURE:0cxx_range_for
    Feature record: CXX_FEATURE:0cxx_raw_string_literals
    Feature record: CXX_FEATURE:0cxx_reference_qualified_functions
    Feature record: CXX_FEATURE:0cxx_relaxed_constexpr
    Feature record: CXX_FEATURE:0cxx_return_type_deduction
    Feature record: CXX_FEATURE:0cxx_right_angle_brackets
    Feature record: CXX_FEATURE:0cxx_rvalue_references
    Feature record: CXX_FEATURE:0cxx_sizeof_member
    Feature record: CXX_FEATURE:0cxx_static_assert
    Feature record: CXX_FEATURE:0cxx_strong_enums
    Feature record: CXX_FEATURE:1cxx_template_template_parameters
    Feature record: CXX_FEATURE:0cxx_thread_local
    Feature record: CXX_FEATURE:0cxx_trailing_return_types
    Feature record: CXX_FEATURE:0cxx_unicode_literals
    Feature record: CXX_FEATURE:0cxx_uniform_initialization
    Feature record: CXX_FEATURE:0cxx_unrestricted_unions
    Feature record: CXX_FEATURE:0cxx_user_literals
    Feature record: CXX_FEATURE:0cxx_variable_templates
    Feature record: CXX_FEATURE:0cxx_variadic_macros
    Feature record: CXX_FEATURE:0cxx_variadic_templates
